<?xml version="1.0" encoding="UTF-8"?>
<!-- Generated by org.testng.reporters.JUnitReportReporter -->
<testsuite skipped="0" hostname="UB00352" name="com.AutomationTalks.demoProject1.TestClass1" tests="3" failures="0" timestamp="2019-11-29T16:59:49 GMT" time="64.730" errors="0">
  <testcase name="Test1" time="44.054" classname="com.AutomationTalks.demoProject1.TestClass1"/>
  <testcase name="Test2" time="8.736" classname="com.AutomationTalks.demoProject1.TestClass1"/>
  <testcase name="Test3" time="11.940" classname="com.AutomationTalks.demoProject1.TestClass1"/>
</testsuite> <!-- com.AutomationTalks.demoProject1.TestClass1 -->
