<?xml version="1.0" encoding="UTF-8"?>
<!-- Generated by org.testng.reporters.JUnitReportReporter -->
<testsuite skipped="0" hostname="UB00352" name="com.AutomationTalks.demoProject1.TestClass1" tests="3" failures="0" timestamp="09 Nov 2019 06:17:44 GMT" time="33.833" errors="0">
  <testcase name="Test2" time="12.928" classname="com.AutomationTalks.demoProject1.TestClass1"/>
  <testcase name="Test3" time="9.661" classname="com.AutomationTalks.demoProject1.TestClass1"/>
  <testcase name="Test1" time="11.244" classname="com.AutomationTalks.demoProject1.TestClass1"/>
</testsuite> <!-- com.AutomationTalks.demoProject1.TestClass1 -->
