<?xml version="1.0" encoding="UTF-8"?>
<!-- Generated by org.testng.reporters.JUnitReportReporter -->
<testsuite skipped="0" hostname="UB00352" name="com.AutomationTalks.demoProject1.TestClass1" tests="3" failures="0" timestamp="2019-11-11T13:48:51 GMT" time="38.957" errors="0">
  <testcase name="Test3" time="8.154" classname="com.AutomationTalks.demoProject1.TestClass1"/>
  <testcase name="Test1" time="16.096" classname="com.AutomationTalks.demoProject1.TestClass1"/>
  <testcase name="Test2" time="14.707" classname="com.AutomationTalks.demoProject1.TestClass1"/>
</testsuite> <!-- com.AutomationTalks.demoProject1.TestClass1 -->
