<?xml version="1.0" encoding="UTF-8"?>
<!-- Generated by org.testng.reporters.JUnitReportReporter -->
<testsuite skipped="0" hostname="UB00352" name="com.AutomationTalks.demoProject1.TestClass1" tests="3" failures="0" timestamp="09 Nov 2019 07:07:34 GMT" time="27.467" errors="0">
  <testcase name="Test3" time="10.133" classname="com.AutomationTalks.demoProject1.TestClass1"/>
  <testcase name="Test1" time="9.142" classname="com.AutomationTalks.demoProject1.TestClass1"/>
  <testcase name="Test2" time="8.192" classname="com.AutomationTalks.demoProject1.TestClass1"/>
</testsuite> <!-- com.AutomationTalks.demoProject1.TestClass1 -->
