<?xml version="1.0" encoding="UTF-8"?>
<!-- Generated by org.testng.reporters.JUnitReportReporter -->
<testsuite skipped="0" hostname="UB00352" name="com.AutomationTalks.demoProject1.TestClass1" tests="3" failures="0" timestamp="20 Nov 2019 16:40:25 GMT" time="29.385" errors="0">
  <testcase name="Test3" time="11.033" classname="com.AutomationTalks.demoProject1.TestClass1"/>
  <testcase name="Test1" time="9.657" classname="com.AutomationTalks.demoProject1.TestClass1"/>
  <testcase name="Test2" time="8.695" classname="com.AutomationTalks.demoProject1.TestClass1"/>
</testsuite> <!-- com.AutomationTalks.demoProject1.TestClass1 -->
