<?xml version="1.0" encoding="UTF-8"?>
<!-- Generated by org.testng.reporters.JUnitReportReporter -->
<testsuite skipped="0" hostname="UB00352" name="com.AutomationTalks.demoProject1.TestClass1" tests="3" failures="0" timestamp="11 Nov 2019 15:52:05 GMT" time="32.929" errors="0">
  <testcase name="Test3" time="12.168" classname="com.AutomationTalks.demoProject1.TestClass1"/>
  <testcase name="Test1" time="11.858" classname="com.AutomationTalks.demoProject1.TestClass1"/>
  <testcase name="Test2" time="8.903" classname="com.AutomationTalks.demoProject1.TestClass1"/>
</testsuite> <!-- com.AutomationTalks.demoProject1.TestClass1 -->
